#! /usr/bin/vvp
:ivl_version "12.0 (stable)";
:ivl_delay_selection "TYPICAL";
:vpi_time_precision - 12;
:vpi_module "/usr/lib/x86_64-linux-gnu/ivl/system.vpi";
:vpi_module "/usr/lib/x86_64-linux-gnu/ivl/vhdl_sys.vpi";
:vpi_module "/usr/lib/x86_64-linux-gnu/ivl/vhdl_textio.vpi";
:vpi_module "/usr/lib/x86_64-linux-gnu/ivl/v2005_math.vpi";
:vpi_module "/usr/lib/x86_64-linux-gnu/ivl/va_math.vpi";
S_0x62cf9491df60 .scope module, "tb_alu" "tb_alu" 2 3;
 .timescale -9 -12;
v0x62cf94961810_0 .var "a", 7 0;
v0x62cf949618f0_0 .var "b", 7 0;
v0x62cf94961a40_0 .net "result", 15 0, v0x62cf949614c0_0;  1 drivers
v0x62cf94961ae0_0 .var "sel", 2 0;
S_0x62cf9490c810 .scope module, "uut" "alu_top" 2 10, 3 1 0, S_0x62cf9491df60;
 .timescale -9 -12;
    .port_info 0 /INPUT 8 "a";
    .port_info 1 /INPUT 8 "b";
    .port_info 2 /INPUT 3 "sel";
    .port_info 3 /OUTPUT 16 "result";
v0x62cf94960f50_0 .net "a", 7 0, v0x62cf94961810_0;  1 drivers
v0x62cf949610c0_0 .net "b", 7 0, v0x62cf949618f0_0;  1 drivers
v0x62cf94961180_0 .net "bout", 0 0, L_0x62cf94968960;  1 drivers
v0x62cf94961220_0 .net "cout", 0 0, L_0x62cf94965160;  1 drivers
v0x62cf949612c0_0 .net "diff_out", 7 0, L_0x62cf94968d90;  1 drivers
v0x62cf94961400_0 .net "mult_out", 15 0, L_0x62cf94969c50;  1 drivers
v0x62cf949614c0_0 .var "result", 15 0;
v0x62cf94961580_0 .net "sel", 2 0, v0x62cf94961ae0_0;  1 drivers
v0x62cf94961660_0 .net "sum_out", 7 0, L_0x62cf94965500;  1 drivers
E_0x62cf948e96a0/0 .event anyedge, v0x62cf94961580_0, v0x62cf94953580_0, v0x62cf94960940_0, v0x62cf94954a80_0;
E_0x62cf948e96a0/1 .event anyedge, v0x62cf94952db0_0, v0x62cf94952eb0_0;
E_0x62cf948e96a0 .event/or E_0x62cf948e96a0/0, E_0x62cf948e96a0/1;
S_0x62cf949330d0 .scope module, "adder" "rca_8bit" 3 11, 4 1 0, S_0x62cf9490c810;
 .timescale 0 0;
    .port_info 0 /INPUT 8 "a";
    .port_info 1 /INPUT 8 "b";
    .port_info 2 /INPUT 1 "cin";
    .port_info 3 /OUTPUT 8 "sum";
    .port_info 4 /OUTPUT 1 "cout";
v0x62cf94952db0_0 .net "a", 7 0, v0x62cf94961810_0;  alias, 1 drivers
v0x62cf94952eb0_0 .net "b", 7 0, v0x62cf949618f0_0;  alias, 1 drivers
v0x62cf94952f90_0 .net "c1", 0 0, L_0x62cf94961fa0;  1 drivers
v0x62cf94953030_0 .net "c2", 0 0, L_0x62cf94962670;  1 drivers
v0x62cf949530d0_0 .net "c3", 0 0, L_0x62cf94962d50;  1 drivers
v0x62cf949531c0_0 .net "c4", 0 0, L_0x62cf94963400;  1 drivers
v0x62cf94953260_0 .net "c5", 0 0, L_0x62cf94963bd0;  1 drivers
v0x62cf94953300_0 .net "c6", 0 0, L_0x62cf949642e0;  1 drivers
v0x62cf949533a0_0 .net "c7", 0 0, L_0x62cf94964a50;  1 drivers
L_0x76420746e018 .functor BUFT 1, C4<0>, C4<0>, C4<0>, C4<0>;
v0x62cf94953440_0 .net "cin", 0 0, L_0x76420746e018;  1 drivers
v0x62cf949534e0_0 .net "cout", 0 0, L_0x62cf94965160;  alias, 1 drivers
v0x62cf94953580_0 .net "sum", 7 0, L_0x62cf94965500;  alias, 1 drivers
L_0x62cf949620e0 .part v0x62cf94961810_0, 0, 1;
L_0x62cf94962230 .part v0x62cf949618f0_0, 0, 1;
L_0x62cf949627b0 .part v0x62cf94961810_0, 1, 1;
L_0x62cf949628e0 .part v0x62cf949618f0_0, 1, 1;
L_0x62cf94962e90 .part v0x62cf94961810_0, 2, 1;
L_0x62cf94962fc0 .part v0x62cf949618f0_0, 2, 1;
L_0x62cf94963540 .part v0x62cf94961810_0, 3, 1;
L_0x62cf94963670 .part v0x62cf949618f0_0, 3, 1;
L_0x62cf94963d10 .part v0x62cf94961810_0, 4, 1;
L_0x62cf94963e40 .part v0x62cf949618f0_0, 4, 1;
L_0x62cf94964420 .part v0x62cf94961810_0, 5, 1;
L_0x62cf94964550 .part v0x62cf949618f0_0, 5, 1;
L_0x62cf94964b90 .part v0x62cf94961810_0, 6, 1;
L_0x62cf94964cc0 .part v0x62cf949618f0_0, 6, 1;
L_0x62cf94965210 .part v0x62cf94961810_0, 7, 1;
L_0x62cf94965340 .part v0x62cf949618f0_0, 7, 1;
LS_0x62cf94965500_0_0 .concat8 [ 1 1 1 1], L_0x62cf94961cf0, L_0x62cf949624a0, L_0x62cf94962b30, L_0x62cf949631e0;
LS_0x62cf94965500_0_4 .concat8 [ 1 1 1 1], L_0x62cf94963a40, L_0x62cf94964110, L_0x62cf94964830, L_0x62cf94964f40;
L_0x62cf94965500 .concat8 [ 4 4 0 0], LS_0x62cf94965500_0_0, LS_0x62cf94965500_0_4;
S_0x62cf9491c0c0 .scope module, "fa0" "full_adder" 4 10, 5 11 0, S_0x62cf949330d0;
 .timescale 0 0;
    .port_info 0 /INPUT 1 "a";
    .port_info 1 /INPUT 1 "b";
    .port_info 2 /INPUT 1 "cin";
    .port_info 3 /OUTPUT 1 "sum";
    .port_info 4 /OUTPUT 1 "cout";
L_0x62cf94961fa0 .functor OR 1, L_0x62cf94961c10, L_0x62cf94961e80, C4<0>, C4<0>;
v0x62cf94949250_0 .net "a", 0 0, L_0x62cf949620e0;  1 drivers
v0x62cf94949310_0 .net "b", 0 0, L_0x62cf94962230;  1 drivers
v0x62cf949493e0_0 .net "c1", 0 0, L_0x62cf94961c10;  1 drivers
v0x62cf949494e0_0 .net "c2", 0 0, L_0x62cf94961e80;  1 drivers
v0x62cf949495b0_0 .net "cin", 0 0, L_0x76420746e018;  alias, 1 drivers
v0x62cf949496a0_0 .net "cout", 0 0, L_0x62cf94961fa0;  alias, 1 drivers
v0x62cf94949740_0 .net "s1", 0 0, L_0x62cf94961b80;  1 drivers
v0x62cf94949830_0 .net "sum", 0 0, L_0x62cf94961cf0;  1 drivers
S_0x62cf94932cc0 .scope module, "ha1" "half_adder" 5 20, 5 1 0, S_0x62cf9491c0c0;
 .timescale 0 0;
    .port_info 0 /INPUT 1 "a";
    .port_info 1 /INPUT 1 "b";
    .port_info 2 /OUTPUT 1 "sum";
    .port_info 3 /OUTPUT 1 "carry";
L_0x62cf94961b80 .functor XOR 1, L_0x62cf949620e0, L_0x62cf94962230, C4<0>, C4<0>;
L_0x62cf94961c10 .functor AND 1, L_0x62cf949620e0, L_0x62cf94962230, C4<1>, C4<1>;
v0x62cf9491b260_0 .net "a", 0 0, L_0x62cf949620e0;  alias, 1 drivers
v0x62cf94948960_0 .net "b", 0 0, L_0x62cf94962230;  alias, 1 drivers
v0x62cf94948a20_0 .net "carry", 0 0, L_0x62cf94961c10;  alias, 1 drivers
v0x62cf94948ac0_0 .net "sum", 0 0, L_0x62cf94961b80;  alias, 1 drivers
S_0x62cf94948c30 .scope module, "ha2" "half_adder" 5 21, 5 1 0, S_0x62cf9491c0c0;
 .timescale 0 0;
    .port_info 0 /INPUT 1 "a";
    .port_info 1 /INPUT 1 "b";
    .port_info 2 /OUTPUT 1 "sum";
    .port_info 3 /OUTPUT 1 "carry";
L_0x62cf94961cf0 .functor XOR 1, L_0x62cf94961b80, L_0x76420746e018, C4<0>, C4<0>;
L_0x62cf94961e80 .functor AND 1, L_0x62cf94961b80, L_0x76420746e018, C4<1>, C4<1>;
v0x62cf94948ea0_0 .net "a", 0 0, L_0x62cf94961b80;  alias, 1 drivers
v0x62cf94948f70_0 .net "b", 0 0, L_0x76420746e018;  alias, 1 drivers
v0x62cf94949010_0 .net "carry", 0 0, L_0x62cf94961e80;  alias, 1 drivers
v0x62cf949490e0_0 .net "sum", 0 0, L_0x62cf94961cf0;  alias, 1 drivers
S_0x62cf94949900 .scope module, "fa1" "full_adder" 4 11, 5 11 0, S_0x62cf949330d0;
 .timescale 0 0;
    .port_info 0 /INPUT 1 "a";
    .port_info 1 /INPUT 1 "b";
    .port_info 2 /INPUT 1 "cin";
    .port_info 3 /OUTPUT 1 "sum";
    .port_info 4 /OUTPUT 1 "cout";
L_0x62cf94962670 .functor OR 1, L_0x62cf94962410, L_0x62cf949625e0, C4<0>, C4<0>;
v0x62cf9494a750_0 .net "a", 0 0, L_0x62cf949627b0;  1 drivers
v0x62cf9494a810_0 .net "b", 0 0, L_0x62cf949628e0;  1 drivers
v0x62cf9494a8e0_0 .net "c1", 0 0, L_0x62cf94962410;  1 drivers
v0x62cf9494a9e0_0 .net "c2", 0 0, L_0x62cf949625e0;  1 drivers
v0x62cf9494aab0_0 .net "cin", 0 0, L_0x62cf94961fa0;  alias, 1 drivers
v0x62cf9494abf0_0 .net "cout", 0 0, L_0x62cf94962670;  alias, 1 drivers
v0x62cf9494ac90_0 .net "s1", 0 0, L_0x62cf94962360;  1 drivers
v0x62cf9494ad80_0 .net "sum", 0 0, L_0x62cf949624a0;  1 drivers
S_0x62cf94949ae0 .scope module, "ha1" "half_adder" 5 20, 5 1 0, S_0x62cf94949900;
 .timescale 0 0;
    .port_info 0 /INPUT 1 "a";
    .port_info 1 /INPUT 1 "b";
    .port_info 2 /OUTPUT 1 "sum";
    .port_info 3 /OUTPUT 1 "carry";
L_0x62cf94962360 .functor XOR 1, L_0x62cf949627b0, L_0x62cf949628e0, C4<0>, C4<0>;
L_0x62cf94962410 .functor AND 1, L_0x62cf949627b0, L_0x62cf949628e0, C4<1>, C4<1>;
v0x62cf94949d60_0 .net "a", 0 0, L_0x62cf949627b0;  alias, 1 drivers
v0x62cf94949e40_0 .net "b", 0 0, L_0x62cf949628e0;  alias, 1 drivers
v0x62cf94949f00_0 .net "carry", 0 0, L_0x62cf94962410;  alias, 1 drivers
v0x62cf94949fd0_0 .net "sum", 0 0, L_0x62cf94962360;  alias, 1 drivers
S_0x62cf9494a140 .scope module, "ha2" "half_adder" 5 21, 5 1 0, S_0x62cf94949900;
 .timescale 0 0;
    .port_info 0 /INPUT 1 "a";
    .port_info 1 /INPUT 1 "b";
    .port_info 2 /OUTPUT 1 "sum";
    .port_info 3 /OUTPUT 1 "carry";
L_0x62cf949624a0 .functor XOR 1, L_0x62cf94962360, L_0x62cf94961fa0, C4<0>, C4<0>;
L_0x62cf949625e0 .functor AND 1, L_0x62cf94962360, L_0x62cf94961fa0, C4<1>, C4<1>;
v0x62cf9494a3b0_0 .net "a", 0 0, L_0x62cf94962360;  alias, 1 drivers
v0x62cf9494a480_0 .net "b", 0 0, L_0x62cf94961fa0;  alias, 1 drivers
v0x62cf9494a550_0 .net "carry", 0 0, L_0x62cf949625e0;  alias, 1 drivers
v0x62cf9494a620_0 .net "sum", 0 0, L_0x62cf949624a0;  alias, 1 drivers
S_0x62cf9494ae20 .scope module, "fa2" "full_adder" 4 12, 5 11 0, S_0x62cf949330d0;
 .timescale 0 0;
    .port_info 0 /INPUT 1 "a";
    .port_info 1 /INPUT 1 "b";
    .port_info 2 /INPUT 1 "cin";
    .port_info 3 /OUTPUT 1 "sum";
    .port_info 4 /OUTPUT 1 "cout";
L_0x62cf94962d50 .functor OR 1, L_0x62cf94962aa0, L_0x62cf94962cc0, C4<0>, C4<0>;
v0x62cf9494bc70_0 .net "a", 0 0, L_0x62cf94962e90;  1 drivers
v0x62cf9494bd30_0 .net "b", 0 0, L_0x62cf94962fc0;  1 drivers
v0x62cf9494be00_0 .net "c1", 0 0, L_0x62cf94962aa0;  1 drivers
v0x62cf9494bf00_0 .net "c2", 0 0, L_0x62cf94962cc0;  1 drivers
v0x62cf9494bfd0_0 .net "cin", 0 0, L_0x62cf94962670;  alias, 1 drivers
v0x62cf9494c110_0 .net "cout", 0 0, L_0x62cf94962d50;  alias, 1 drivers
v0x62cf9494c1b0_0 .net "s1", 0 0, L_0x62cf94962a10;  1 drivers
v0x62cf9494c2a0_0 .net "sum", 0 0, L_0x62cf94962b30;  1 drivers
S_0x62cf9494b000 .scope module, "ha1" "half_adder" 5 20, 5 1 0, S_0x62cf9494ae20;
 .timescale 0 0;
    .port_info 0 /INPUT 1 "a";
    .port_info 1 /INPUT 1 "b";
    .port_info 2 /OUTPUT 1 "sum";
    .port_info 3 /OUTPUT 1 "carry";
L_0x62cf94962a10 .functor XOR 1, L_0x62cf94962e90, L_0x62cf94962fc0, C4<0>, C4<0>;
L_0x62cf94962aa0 .functor AND 1, L_0x62cf94962e90, L_0x62cf94962fc0, C4<1>, C4<1>;
v0x62cf9494b280_0 .net "a", 0 0, L_0x62cf94962e90;  alias, 1 drivers
v0x62cf9494b360_0 .net "b", 0 0, L_0x62cf94962fc0;  alias, 1 drivers
v0x62cf9494b420_0 .net "carry", 0 0, L_0x62cf94962aa0;  alias, 1 drivers
v0x62cf9494b4f0_0 .net "sum", 0 0, L_0x62cf94962a10;  alias, 1 drivers
S_0x62cf9494b660 .scope module, "ha2" "half_adder" 5 21, 5 1 0, S_0x62cf9494ae20;
 .timescale 0 0;
    .port_info 0 /INPUT 1 "a";
    .port_info 1 /INPUT 1 "b";
    .port_info 2 /OUTPUT 1 "sum";
    .port_info 3 /OUTPUT 1 "carry";
L_0x62cf94962b30 .functor XOR 1, L_0x62cf94962a10, L_0x62cf94962670, C4<0>, C4<0>;
L_0x62cf94962cc0 .functor AND 1, L_0x62cf94962a10, L_0x62cf94962670, C4<1>, C4<1>;
v0x62cf9494b8d0_0 .net "a", 0 0, L_0x62cf94962a10;  alias, 1 drivers
v0x62cf9494b9a0_0 .net "b", 0 0, L_0x62cf94962670;  alias, 1 drivers
v0x62cf9494ba70_0 .net "carry", 0 0, L_0x62cf94962cc0;  alias, 1 drivers
v0x62cf9494bb40_0 .net "sum", 0 0, L_0x62cf94962b30;  alias, 1 drivers
S_0x62cf9494c340 .scope module, "fa3" "full_adder" 4 13, 5 11 0, S_0x62cf949330d0;
 .timescale 0 0;
    .port_info 0 /INPUT 1 "a";
    .port_info 1 /INPUT 1 "b";
    .port_info 2 /INPUT 1 "cin";
    .port_info 3 /OUTPUT 1 "sum";
    .port_info 4 /OUTPUT 1 "cout";
L_0x62cf94963400 .functor OR 1, L_0x62cf94963150, L_0x62cf94963370, C4<0>, C4<0>;
v0x62cf9494d180_0 .net "a", 0 0, L_0x62cf94963540;  1 drivers
v0x62cf9494d240_0 .net "b", 0 0, L_0x62cf94963670;  1 drivers
v0x62cf9494d310_0 .net "c1", 0 0, L_0x62cf94963150;  1 drivers
v0x62cf9494d410_0 .net "c2", 0 0, L_0x62cf94963370;  1 drivers
v0x62cf9494d4e0_0 .net "cin", 0 0, L_0x62cf94962d50;  alias, 1 drivers
v0x62cf9494d620_0 .net "cout", 0 0, L_0x62cf94963400;  alias, 1 drivers
v0x62cf9494d6c0_0 .net "s1", 0 0, L_0x62cf949630a0;  1 drivers
v0x62cf9494d7b0_0 .net "sum", 0 0, L_0x62cf949631e0;  1 drivers
S_0x62cf9494c520 .scope module, "ha1" "half_adder" 5 20, 5 1 0, S_0x62cf9494c340;
 .timescale 0 0;
    .port_info 0 /INPUT 1 "a";
    .port_info 1 /INPUT 1 "b";
    .port_info 2 /OUTPUT 1 "sum";
    .port_info 3 /OUTPUT 1 "carry";
L_0x62cf949630a0 .functor XOR 1, L_0x62cf94963540, L_0x62cf94963670, C4<0>, C4<0>;
L_0x62cf94963150 .functor AND 1, L_0x62cf94963540, L_0x62cf94963670, C4<1>, C4<1>;
v0x62cf9494c790_0 .net "a", 0 0, L_0x62cf94963540;  alias, 1 drivers
v0x62cf9494c870_0 .net "b", 0 0, L_0x62cf94963670;  alias, 1 drivers
v0x62cf9494c930_0 .net "carry", 0 0, L_0x62cf94963150;  alias, 1 drivers
v0x62cf9494ca00_0 .net "sum", 0 0, L_0x62cf949630a0;  alias, 1 drivers
S_0x62cf9494cb70 .scope module, "ha2" "half_adder" 5 21, 5 1 0, S_0x62cf9494c340;
 .timescale 0 0;
    .port_info 0 /INPUT 1 "a";
    .port_info 1 /INPUT 1 "b";
    .port_info 2 /OUTPUT 1 "sum";
    .port_info 3 /OUTPUT 1 "carry";
L_0x62cf949631e0 .functor XOR 1, L_0x62cf949630a0, L_0x62cf94962d50, C4<0>, C4<0>;
L_0x62cf94963370 .functor AND 1, L_0x62cf949630a0, L_0x62cf94962d50, C4<1>, C4<1>;
v0x62cf9494cde0_0 .net "a", 0 0, L_0x62cf949630a0;  alias, 1 drivers
v0x62cf9494ceb0_0 .net "b", 0 0, L_0x62cf94962d50;  alias, 1 drivers
v0x62cf9494cf80_0 .net "carry", 0 0, L_0x62cf94963370;  alias, 1 drivers
v0x62cf9494d050_0 .net "sum", 0 0, L_0x62cf949631e0;  alias, 1 drivers
S_0x62cf9494d850 .scope module, "fa4" "full_adder" 4 14, 5 11 0, S_0x62cf949330d0;
 .timescale 0 0;
    .port_info 0 /INPUT 1 "a";
    .port_info 1 /INPUT 1 "b";
    .port_info 2 /INPUT 1 "cin";
    .port_info 3 /OUTPUT 1 "sum";
    .port_info 4 /OUTPUT 1 "cout";
L_0x62cf94963bd0 .functor OR 1, L_0x62cf949639b0, L_0x62cf94963b40, C4<0>, C4<0>;
v0x62cf9494e6b0_0 .net "a", 0 0, L_0x62cf94963d10;  1 drivers
v0x62cf9494e770_0 .net "b", 0 0, L_0x62cf94963e40;  1 drivers
v0x62cf9494e840_0 .net "c1", 0 0, L_0x62cf949639b0;  1 drivers
v0x62cf9494e940_0 .net "c2", 0 0, L_0x62cf94963b40;  1 drivers
v0x62cf9494ea10_0 .net "cin", 0 0, L_0x62cf94963400;  alias, 1 drivers
v0x62cf9494eb50_0 .net "cout", 0 0, L_0x62cf94963bd0;  alias, 1 drivers
v0x62cf9494ebf0_0 .net "s1", 0 0, L_0x62cf94963900;  1 drivers
v0x62cf9494ece0_0 .net "sum", 0 0, L_0x62cf94963a40;  1 drivers
S_0x62cf9494da80 .scope module, "ha1" "half_adder" 5 20, 5 1 0, S_0x62cf9494d850;
 .timescale 0 0;
    .port_info 0 /INPUT 1 "a";
    .port_info 1 /INPUT 1 "b";
    .port_info 2 /OUTPUT 1 "sum";
    .port_info 3 /OUTPUT 1 "carry";
L_0x62cf94963900 .functor XOR 1, L_0x62cf94963d10, L_0x62cf94963e40, C4<0>, C4<0>;
L_0x62cf949639b0 .functor AND 1, L_0x62cf94963d10, L_0x62cf94963e40, C4<1>, C4<1>;
v0x62cf9494dcf0_0 .net "a", 0 0, L_0x62cf94963d10;  alias, 1 drivers
v0x62cf9494ddd0_0 .net "b", 0 0, L_0x62cf94963e40;  alias, 1 drivers
v0x62cf9494de90_0 .net "carry", 0 0, L_0x62cf949639b0;  alias, 1 drivers
v0x62cf9494df30_0 .net "sum", 0 0, L_0x62cf94963900;  alias, 1 drivers
S_0x62cf9494e0a0 .scope module, "ha2" "half_adder" 5 21, 5 1 0, S_0x62cf9494d850;
 .timescale 0 0;
    .port_info 0 /INPUT 1 "a";
    .port_info 1 /INPUT 1 "b";
    .port_info 2 /OUTPUT 1 "sum";
    .port_info 3 /OUTPUT 1 "carry";
L_0x62cf94963a40 .functor XOR 1, L_0x62cf94963900, L_0x62cf94963400, C4<0>, C4<0>;
L_0x62cf94963b40 .functor AND 1, L_0x62cf94963900, L_0x62cf94963400, C4<1>, C4<1>;
v0x62cf9494e310_0 .net "a", 0 0, L_0x62cf94963900;  alias, 1 drivers
v0x62cf9494e3e0_0 .net "b", 0 0, L_0x62cf94963400;  alias, 1 drivers
v0x62cf9494e4b0_0 .net "carry", 0 0, L_0x62cf94963b40;  alias, 1 drivers
v0x62cf9494e580_0 .net "sum", 0 0, L_0x62cf94963a40;  alias, 1 drivers
S_0x62cf9494ed80 .scope module, "fa5" "full_adder" 4 15, 5 11 0, S_0x62cf949330d0;
 .timescale 0 0;
    .port_info 0 /INPUT 1 "a";
    .port_info 1 /INPUT 1 "b";
    .port_info 2 /INPUT 1 "cin";
    .port_info 3 /OUTPUT 1 "sum";
    .port_info 4 /OUTPUT 1 "cout";
L_0x62cf949642e0 .functor OR 1, L_0x62cf94964080, L_0x62cf94964250, C4<0>, C4<0>;
v0x62cf9494fbc0_0 .net "a", 0 0, L_0x62cf94964420;  1 drivers
v0x62cf9494fc80_0 .net "b", 0 0, L_0x62cf94964550;  1 drivers
v0x62cf9494fd50_0 .net "c1", 0 0, L_0x62cf94964080;  1 drivers
v0x62cf9494fe50_0 .net "c2", 0 0, L_0x62cf94964250;  1 drivers
v0x62cf9494ff20_0 .net "cin", 0 0, L_0x62cf94963bd0;  alias, 1 drivers
v0x62cf94950060_0 .net "cout", 0 0, L_0x62cf949642e0;  alias, 1 drivers
v0x62cf94950100_0 .net "s1", 0 0, L_0x62cf94963fd0;  1 drivers
v0x62cf949501f0_0 .net "sum", 0 0, L_0x62cf94964110;  1 drivers
S_0x62cf9494ef60 .scope module, "ha1" "half_adder" 5 20, 5 1 0, S_0x62cf9494ed80;
 .timescale 0 0;
    .port_info 0 /INPUT 1 "a";
    .port_info 1 /INPUT 1 "b";
    .port_info 2 /OUTPUT 1 "sum";
    .port_info 3 /OUTPUT 1 "carry";
L_0x62cf94963fd0 .functor XOR 1, L_0x62cf94964420, L_0x62cf94964550, C4<0>, C4<0>;
L_0x62cf94964080 .functor AND 1, L_0x62cf94964420, L_0x62cf94964550, C4<1>, C4<1>;
v0x62cf9494f1d0_0 .net "a", 0 0, L_0x62cf94964420;  alias, 1 drivers
v0x62cf9494f2b0_0 .net "b", 0 0, L_0x62cf94964550;  alias, 1 drivers
v0x62cf9494f370_0 .net "carry", 0 0, L_0x62cf94964080;  alias, 1 drivers
v0x62cf9494f440_0 .net "sum", 0 0, L_0x62cf94963fd0;  alias, 1 drivers
S_0x62cf9494f5b0 .scope module, "ha2" "half_adder" 5 21, 5 1 0, S_0x62cf9494ed80;
 .timescale 0 0;
    .port_info 0 /INPUT 1 "a";
    .port_info 1 /INPUT 1 "b";
    .port_info 2 /OUTPUT 1 "sum";
    .port_info 3 /OUTPUT 1 "carry";
L_0x62cf94964110 .functor XOR 1, L_0x62cf94963fd0, L_0x62cf94963bd0, C4<0>, C4<0>;
L_0x62cf94964250 .functor AND 1, L_0x62cf94963fd0, L_0x62cf94963bd0, C4<1>, C4<1>;
v0x62cf9494f820_0 .net "a", 0 0, L_0x62cf94963fd0;  alias, 1 drivers
v0x62cf9494f8f0_0 .net "b", 0 0, L_0x62cf94963bd0;  alias, 1 drivers
v0x62cf9494f9c0_0 .net "carry", 0 0, L_0x62cf94964250;  alias, 1 drivers
v0x62cf9494fa90_0 .net "sum", 0 0, L_0x62cf94964110;  alias, 1 drivers
S_0x62cf94950290 .scope module, "fa6" "full_adder" 4 16, 5 11 0, S_0x62cf949330d0;
 .timescale 0 0;
    .port_info 0 /INPUT 1 "a";
    .port_info 1 /INPUT 1 "b";
    .port_info 2 /INPUT 1 "cin";
    .port_info 3 /OUTPUT 1 "sum";
    .port_info 4 /OUTPUT 1 "cout";
L_0x62cf94964a50 .functor OR 1, L_0x62cf949647a0, L_0x62cf949649c0, C4<0>, C4<0>;
v0x62cf94951150_0 .net "a", 0 0, L_0x62cf94964b90;  1 drivers
v0x62cf94951210_0 .net "b", 0 0, L_0x62cf94964cc0;  1 drivers
v0x62cf949512e0_0 .net "c1", 0 0, L_0x62cf949647a0;  1 drivers
v0x62cf949513e0_0 .net "c2", 0 0, L_0x62cf949649c0;  1 drivers
v0x62cf949514b0_0 .net "cin", 0 0, L_0x62cf949642e0;  alias, 1 drivers
v0x62cf949515f0_0 .net "cout", 0 0, L_0x62cf94964a50;  alias, 1 drivers
v0x62cf94951690_0 .net "s1", 0 0, L_0x62cf949646f0;  1 drivers
v0x62cf94951780_0 .net "sum", 0 0, L_0x62cf94964830;  1 drivers
S_0x62cf949504f0 .scope module, "ha1" "half_adder" 5 20, 5 1 0, S_0x62cf94950290;
 .timescale 0 0;
    .port_info 0 /INPUT 1 "a";
    .port_info 1 /INPUT 1 "b";
    .port_info 2 /OUTPUT 1 "sum";
    .port_info 3 /OUTPUT 1 "carry";
L_0x62cf949646f0 .functor XOR 1, L_0x62cf94964b90, L_0x62cf94964cc0, C4<0>, C4<0>;
L_0x62cf949647a0 .functor AND 1, L_0x62cf94964b90, L_0x62cf94964cc0, C4<1>, C4<1>;
v0x62cf94950760_0 .net "a", 0 0, L_0x62cf94964b90;  alias, 1 drivers
v0x62cf94950840_0 .net "b", 0 0, L_0x62cf94964cc0;  alias, 1 drivers
v0x62cf94950900_0 .net "carry", 0 0, L_0x62cf949647a0;  alias, 1 drivers
v0x62cf949509d0_0 .net "sum", 0 0, L_0x62cf949646f0;  alias, 1 drivers
S_0x62cf94950b40 .scope module, "ha2" "half_adder" 5 21, 5 1 0, S_0x62cf94950290;
 .timescale 0 0;
    .port_info 0 /INPUT 1 "a";
    .port_info 1 /INPUT 1 "b";
    .port_info 2 /OUTPUT 1 "sum";
    .port_info 3 /OUTPUT 1 "carry";
L_0x62cf94964830 .functor XOR 1, L_0x62cf949646f0, L_0x62cf949642e0, C4<0>, C4<0>;
L_0x62cf949649c0 .functor AND 1, L_0x62cf949646f0, L_0x62cf949642e0, C4<1>, C4<1>;
v0x62cf94950db0_0 .net "a", 0 0, L_0x62cf949646f0;  alias, 1 drivers
v0x62cf94950e80_0 .net "b", 0 0, L_0x62cf949642e0;  alias, 1 drivers
v0x62cf94950f50_0 .net "carry", 0 0, L_0x62cf949649c0;  alias, 1 drivers
v0x62cf94951020_0 .net "sum", 0 0, L_0x62cf94964830;  alias, 1 drivers
S_0x62cf94951820 .scope module, "fa7" "full_adder" 4 17, 5 11 0, S_0x62cf949330d0;
 .timescale 0 0;
    .port_info 0 /INPUT 1 "a";
    .port_info 1 /INPUT 1 "b";
    .port_info 2 /INPUT 1 "cin";
    .port_info 3 /OUTPUT 1 "sum";
    .port_info 4 /OUTPUT 1 "cout";
L_0x62cf94965160 .functor OR 1, L_0x62cf94964eb0, L_0x62cf949650d0, C4<0>, C4<0>;
v0x62cf949526e0_0 .net "a", 0 0, L_0x62cf94965210;  1 drivers
v0x62cf949527a0_0 .net "b", 0 0, L_0x62cf94965340;  1 drivers
v0x62cf94952870_0 .net "c1", 0 0, L_0x62cf94964eb0;  1 drivers
v0x62cf94952970_0 .net "c2", 0 0, L_0x62cf949650d0;  1 drivers
v0x62cf94952a40_0 .net "cin", 0 0, L_0x62cf94964a50;  alias, 1 drivers
v0x62cf94952b80_0 .net "cout", 0 0, L_0x62cf94965160;  alias, 1 drivers
v0x62cf94952c20_0 .net "s1", 0 0, L_0x62cf94964680;  1 drivers
v0x62cf94952d10_0 .net "sum", 0 0, L_0x62cf94964f40;  1 drivers
S_0x62cf94951a80 .scope module, "ha1" "half_adder" 5 20, 5 1 0, S_0x62cf94951820;
 .timescale 0 0;
    .port_info 0 /INPUT 1 "a";
    .port_info 1 /INPUT 1 "b";
    .port_info 2 /OUTPUT 1 "sum";
    .port_info 3 /OUTPUT 1 "carry";
L_0x62cf94964680 .functor XOR 1, L_0x62cf94965210, L_0x62cf94965340, C4<0>, C4<0>;
L_0x62cf94964eb0 .functor AND 1, L_0x62cf94965210, L_0x62cf94965340, C4<1>, C4<1>;
v0x62cf94951cf0_0 .net "a", 0 0, L_0x62cf94965210;  alias, 1 drivers
v0x62cf94951dd0_0 .net "b", 0 0, L_0x62cf94965340;  alias, 1 drivers
v0x62cf94951e90_0 .net "carry", 0 0, L_0x62cf94964eb0;  alias, 1 drivers
v0x62cf94951f60_0 .net "sum", 0 0, L_0x62cf94964680;  alias, 1 drivers
S_0x62cf949520d0 .scope module, "ha2" "half_adder" 5 21, 5 1 0, S_0x62cf94951820;
 .timescale 0 0;
    .port_info 0 /INPUT 1 "a";
    .port_info 1 /INPUT 1 "b";
    .port_info 2 /OUTPUT 1 "sum";
    .port_info 3 /OUTPUT 1 "carry";
L_0x62cf94964f40 .functor XOR 1, L_0x62cf94964680, L_0x62cf94964a50, C4<0>, C4<0>;
L_0x62cf949650d0 .functor AND 1, L_0x62cf94964680, L_0x62cf94964a50, C4<1>, C4<1>;
v0x62cf94952340_0 .net "a", 0 0, L_0x62cf94964680;  alias, 1 drivers
v0x62cf94952410_0 .net "b", 0 0, L_0x62cf94964a50;  alias, 1 drivers
v0x62cf949524e0_0 .net "carry", 0 0, L_0x62cf949650d0;  alias, 1 drivers
v0x62cf949525b0_0 .net "sum", 0 0, L_0x62cf94964f40;  alias, 1 drivers
S_0x62cf949536c0 .scope module, "shifter" "shift_mult_8bit" 3 13, 6 1 0, S_0x62cf9490c810;
 .timescale 0 0;
    .port_info 0 /INPUT 8 "a";
    .port_info 1 /INPUT 8 "b";
    .port_info 2 /OUTPUT 16 "prod";
L_0x62cf94969c50 .functor BUFZ 16, L_0x62cf9496a1e0, C4<0000000000000000>, C4<0000000000000000>, C4<0000000000000000>;
L_0x76420746e0a8 .functor BUFT 1, C4<00000000>, C4<0>, C4<0>, C4<0>;
v0x62cf94953910_0 .net/2u *"_ivl_0", 7 0, L_0x76420746e0a8;  1 drivers
L_0x76420746e0f0 .functor BUFT 1, C4<0>, C4<0>, C4<0>, C4<0>;
v0x62cf94953a10_0 .net *"_ivl_10", 0 0, L_0x76420746e0f0;  1 drivers
v0x62cf94953af0_0 .net *"_ivl_15", 0 0, L_0x62cf949692b0;  1 drivers
v0x62cf94953bb0_0 .net *"_ivl_16", 15 0, L_0x62cf94969490;  1 drivers
v0x62cf94953c90_0 .net *"_ivl_18", 13 0, L_0x62cf94969350;  1 drivers
L_0x76420746e138 .functor BUFT 1, C4<00>, C4<0>, C4<0>, C4<0>;
v0x62cf94953dc0_0 .net *"_ivl_20", 1 0, L_0x76420746e138;  1 drivers
v0x62cf94953ea0_0 .net *"_ivl_25", 0 0, L_0x62cf94969760;  1 drivers
v0x62cf94953f80_0 .net *"_ivl_26", 15 0, L_0x62cf94969b10;  1 drivers
v0x62cf94954060_0 .net *"_ivl_28", 11 0, L_0x62cf94969a70;  1 drivers
L_0x76420746e180 .functor BUFT 1, C4<0000>, C4<0>, C4<0>, C4<0>;
v0x62cf94954140_0 .net *"_ivl_30", 3 0, L_0x76420746e180;  1 drivers
v0x62cf94954220_0 .net *"_ivl_35", 0 0, L_0x62cf94969e00;  1 drivers
v0x62cf94954300_0 .net *"_ivl_36", 15 0, L_0x62cf9496a010;  1 drivers
v0x62cf949543e0_0 .net *"_ivl_38", 7 0, L_0x62cf94969f20;  1 drivers
L_0x76420746e1c8 .functor BUFT 1, C4<00000000>, C4<0>, C4<0>, C4<0>;
v0x62cf949544c0_0 .net *"_ivl_40", 7 0, L_0x76420746e1c8;  1 drivers
v0x62cf949545a0_0 .net *"_ivl_5", 0 0, L_0x62cf94968ef0;  1 drivers
v0x62cf94954680_0 .net *"_ivl_6", 15 0, L_0x62cf94969030;  1 drivers
v0x62cf94954760_0 .net *"_ivl_8", 14 0, L_0x62cf94968f90;  1 drivers
v0x62cf94954840_0 .net "a", 7 0, v0x62cf94961810_0;  alias, 1 drivers
v0x62cf94954900_0 .net "a_ext", 15 0, L_0x62cf94968e50;  1 drivers
v0x62cf949549c0_0 .net "b", 7 0, v0x62cf949618f0_0;  alias, 1 drivers
v0x62cf94954a80_0 .net "prod", 15 0, L_0x62cf94969c50;  alias, 1 drivers
v0x62cf94954b40_0 .net "stage1", 15 0, L_0x62cf94969170;  1 drivers
v0x62cf94954c20_0 .net "stage2", 15 0, L_0x62cf94969620;  1 drivers
v0x62cf94954d00_0 .net "stage3", 15 0, L_0x62cf94969cc0;  1 drivers
v0x62cf94954de0_0 .net "stage4", 15 0, L_0x62cf9496a1e0;  1 drivers
L_0x62cf94968e50 .concat [ 8 8 0 0], v0x62cf94961810_0, L_0x76420746e0a8;
L_0x62cf94968ef0 .part v0x62cf949618f0_0, 0, 1;
L_0x62cf94968f90 .part L_0x62cf94968e50, 0, 15;
L_0x62cf94969030 .concat [ 1 15 0 0], L_0x76420746e0f0, L_0x62cf94968f90;
L_0x62cf94969170 .functor MUXZ 16, L_0x62cf94968e50, L_0x62cf94969030, L_0x62cf94968ef0, C4<>;
L_0x62cf949692b0 .part v0x62cf949618f0_0, 1, 1;
L_0x62cf94969350 .part L_0x62cf94969170, 0, 14;
L_0x62cf94969490 .concat [ 2 14 0 0], L_0x76420746e138, L_0x62cf94969350;
L_0x62cf94969620 .functor MUXZ 16, L_0x62cf94969170, L_0x62cf94969490, L_0x62cf949692b0, C4<>;
L_0x62cf94969760 .part v0x62cf949618f0_0, 2, 1;
L_0x62cf94969a70 .part L_0x62cf94969620, 0, 12;
L_0x62cf94969b10 .concat [ 4 12 0 0], L_0x76420746e180, L_0x62cf94969a70;
L_0x62cf94969cc0 .functor MUXZ 16, L_0x62cf94969620, L_0x62cf94969b10, L_0x62cf94969760, C4<>;
L_0x62cf94969e00 .part v0x62cf949618f0_0, 3, 1;
L_0x62cf94969f20 .part L_0x62cf94969cc0, 0, 8;
L_0x62cf9496a010 .concat [ 8 8 0 0], L_0x76420746e1c8, L_0x62cf94969f20;
L_0x62cf9496a1e0 .functor MUXZ 16, L_0x62cf94969cc0, L_0x62cf9496a010, L_0x62cf94969e00, C4<>;
S_0x62cf94954f40 .scope module, "subtractor" "sub_8bit" 3 12, 7 1 0, S_0x62cf9490c810;
 .timescale 0 0;
    .port_info 0 /INPUT 8 "a";
    .port_info 1 /INPUT 8 "b";
    .port_info 2 /OUTPUT 8 "diff";
    .port_info 3 /OUTPUT 1 "bout";
L_0x62cf949655a0 .functor NOT 8, v0x62cf949618f0_0, C4<00000000>, C4<00000000>, C4<00000000>;
v0x62cf94960a80_0 .net "a", 7 0, v0x62cf94961810_0;  alias, 1 drivers
v0x62cf94960b60_0 .net "b", 7 0, v0x62cf949618f0_0;  alias, 1 drivers
v0x62cf94960c70_0 .net "b_inv", 7 0, L_0x62cf949655a0;  1 drivers
v0x62cf94960d10_0 .net "bout", 0 0, L_0x62cf94968960;  alias, 1 drivers
v0x62cf94960e00_0 .net "diff", 7 0, L_0x62cf94968d90;  alias, 1 drivers
S_0x62cf949551a0 .scope module, "subtractor" "rca_8bit" 7 11, 4 1 0, S_0x62cf94954f40;
 .timescale 0 0;
    .port_info 0 /INPUT 8 "a";
    .port_info 1 /INPUT 8 "b";
    .port_info 2 /INPUT 1 "cin";
    .port_info 3 /OUTPUT 8 "sum";
    .port_info 4 /OUTPUT 1 "cout";
v0x62cf94960140_0 .net "a", 7 0, v0x62cf94961810_0;  alias, 1 drivers
v0x62cf94960270_0 .net "b", 7 0, L_0x62cf949655a0;  alias, 1 drivers
v0x62cf94960350_0 .net "c1", 0 0, L_0x62cf949658f0;  1 drivers
v0x62cf949603f0_0 .net "c2", 0 0, L_0x62cf94965f40;  1 drivers
v0x62cf94960490_0 .net "c3", 0 0, L_0x62cf949665d0;  1 drivers
v0x62cf94960580_0 .net "c4", 0 0, L_0x62cf94966d10;  1 drivers
v0x62cf94960620_0 .net "c5", 0 0, L_0x62cf94967460;  1 drivers
v0x62cf949606c0_0 .net "c6", 0 0, L_0x62cf94967b70;  1 drivers
v0x62cf94960760_0 .net "c7", 0 0, L_0x62cf94968250;  1 drivers
L_0x76420746e060 .functor BUFT 1, C4<1>, C4<0>, C4<0>, C4<0>;
v0x62cf94960800_0 .net "cin", 0 0, L_0x76420746e060;  1 drivers
v0x62cf949608a0_0 .net "cout", 0 0, L_0x62cf94968960;  alias, 1 drivers
v0x62cf94960940_0 .net "sum", 7 0, L_0x62cf94968d90;  alias, 1 drivers
L_0x62cf949659f0 .part v0x62cf94961810_0, 0, 1;
L_0x62cf94965b20 .part L_0x62cf949655a0, 0, 1;
L_0x62cf94966040 .part v0x62cf94961810_0, 1, 1;
L_0x62cf94966170 .part L_0x62cf949655a0, 1, 1;
L_0x62cf94966710 .part v0x62cf94961810_0, 2, 1;
L_0x62cf94966840 .part L_0x62cf949655a0, 2, 1;
L_0x62cf94966e50 .part v0x62cf94961810_0, 3, 1;
L_0x62cf94966f80 .part L_0x62cf949655a0, 3, 1;
L_0x62cf949675a0 .part v0x62cf94961810_0, 4, 1;
L_0x62cf949676d0 .part L_0x62cf949655a0, 4, 1;
L_0x62cf94967cb0 .part v0x62cf94961810_0, 5, 1;
L_0x62cf94967de0 .part L_0x62cf949655a0, 5, 1;
L_0x62cf94968390 .part v0x62cf94961810_0, 6, 1;
L_0x62cf949684c0 .part L_0x62cf949655a0, 6, 1;
L_0x62cf94968aa0 .part v0x62cf94961810_0, 7, 1;
L_0x62cf94968bd0 .part L_0x62cf949655a0, 7, 1;
LS_0x62cf94968d90_0_0 .concat8 [ 1 1 1 1], L_0x62cf949656f0, L_0x62cf94965d80, L_0x62cf94966410, L_0x62cf94966af0;
LS_0x62cf94968d90_0_4 .concat8 [ 1 1 1 1], L_0x62cf94967240, L_0x62cf949679a0, L_0x62cf949680c0, L_0x62cf94968740;
L_0x62cf94968d90 .concat8 [ 4 4 0 0], LS_0x62cf94968d90_0_0, LS_0x62cf94968d90_0_4;
S_0x62cf94955430 .scope module, "fa0" "full_adder" 4 10, 5 11 0, S_0x62cf949551a0;
 .timescale 0 0;
    .port_info 0 /INPUT 1 "a";
    .port_info 1 /INPUT 1 "b";
    .port_info 2 /INPUT 1 "cin";
    .port_info 3 /OUTPUT 1 "sum";
    .port_info 4 /OUTPUT 1 "cout";
L_0x62cf949658f0 .functor OR 1, L_0x62cf94965680, L_0x62cf949657f0, C4<0>, C4<0>;
v0x62cf94956360_0 .net "a", 0 0, L_0x62cf949659f0;  1 drivers
v0x62cf94956420_0 .net "b", 0 0, L_0x62cf94965b20;  1 drivers
v0x62cf949564f0_0 .net "c1", 0 0, L_0x62cf94965680;  1 drivers
v0x62cf949565f0_0 .net "c2", 0 0, L_0x62cf949657f0;  1 drivers
v0x62cf949566c0_0 .net "cin", 0 0, L_0x76420746e060;  alias, 1 drivers
v0x62cf949567b0_0 .net "cout", 0 0, L_0x62cf949658f0;  alias, 1 drivers
v0x62cf94956850_0 .net "s1", 0 0, L_0x62cf94965610;  1 drivers
v0x62cf94956940_0 .net "sum", 0 0, L_0x62cf949656f0;  1 drivers
S_0x62cf949556c0 .scope module, "ha1" "half_adder" 5 20, 5 1 0, S_0x62cf94955430;
 .timescale 0 0;
    .port_info 0 /INPUT 1 "a";
    .port_info 1 /INPUT 1 "b";
    .port_info 2 /OUTPUT 1 "sum";
    .port_info 3 /OUTPUT 1 "carry";
L_0x62cf94965610 .functor XOR 1, L_0x62cf949659f0, L_0x62cf94965b20, C4<0>, C4<0>;
L_0x62cf94965680 .functor AND 1, L_0x62cf949659f0, L_0x62cf94965b20, C4<1>, C4<1>;
v0x62cf94955960_0 .net "a", 0 0, L_0x62cf949659f0;  alias, 1 drivers
v0x62cf94955a40_0 .net "b", 0 0, L_0x62cf94965b20;  alias, 1 drivers
v0x62cf94955b00_0 .net "carry", 0 0, L_0x62cf94965680;  alias, 1 drivers
v0x62cf94955bd0_0 .net "sum", 0 0, L_0x62cf94965610;  alias, 1 drivers
S_0x62cf94955d40 .scope module, "ha2" "half_adder" 5 21, 5 1 0, S_0x62cf94955430;
 .timescale 0 0;
    .port_info 0 /INPUT 1 "a";
    .port_info 1 /INPUT 1 "b";
    .port_info 2 /OUTPUT 1 "sum";
    .port_info 3 /OUTPUT 1 "carry";
L_0x62cf949656f0 .functor XOR 1, L_0x62cf94965610, L_0x76420746e060, C4<0>, C4<0>;
L_0x62cf949657f0 .functor AND 1, L_0x62cf94965610, L_0x76420746e060, C4<1>, C4<1>;
v0x62cf94955fb0_0 .net "a", 0 0, L_0x62cf94965610;  alias, 1 drivers
v0x62cf94956080_0 .net "b", 0 0, L_0x76420746e060;  alias, 1 drivers
v0x62cf94956120_0 .net "carry", 0 0, L_0x62cf949657f0;  alias, 1 drivers
v0x62cf949561f0_0 .net "sum", 0 0, L_0x62cf949656f0;  alias, 1 drivers
S_0x62cf94956a10 .scope module, "fa1" "full_adder" 4 11, 5 11 0, S_0x62cf949551a0;
 .timescale 0 0;
    .port_info 0 /INPUT 1 "a";
    .port_info 1 /INPUT 1 "b";
    .port_info 2 /INPUT 1 "cin";
    .port_info 3 /OUTPUT 1 "sum";
    .port_info 4 /OUTPUT 1 "cout";
L_0x62cf94965f40 .functor OR 1, L_0x62cf94965cc0, L_0x62cf94965ed0, C4<0>, C4<0>;
v0x62cf949578e0_0 .net "a", 0 0, L_0x62cf94966040;  1 drivers
v0x62cf949579a0_0 .net "b", 0 0, L_0x62cf94966170;  1 drivers
v0x62cf94957a70_0 .net "c1", 0 0, L_0x62cf94965cc0;  1 drivers
v0x62cf94957b70_0 .net "c2", 0 0, L_0x62cf94965ed0;  1 drivers
v0x62cf94957c40_0 .net "cin", 0 0, L_0x62cf949658f0;  alias, 1 drivers
v0x62cf94957d80_0 .net "cout", 0 0, L_0x62cf94965f40;  alias, 1 drivers
v0x62cf94957e20_0 .net "s1", 0 0, L_0x62cf94965c50;  1 drivers
v0x62cf94957f10_0 .net "sum", 0 0, L_0x62cf94965d80;  1 drivers
S_0x62cf94956c70 .scope module, "ha1" "half_adder" 5 20, 5 1 0, S_0x62cf94956a10;
 .timescale 0 0;
    .port_info 0 /INPUT 1 "a";
    .port_info 1 /INPUT 1 "b";
    .port_info 2 /OUTPUT 1 "sum";
    .port_info 3 /OUTPUT 1 "carry";
L_0x62cf94965c50 .functor XOR 1, L_0x62cf94966040, L_0x62cf94966170, C4<0>, C4<0>;
L_0x62cf94965cc0 .functor AND 1, L_0x62cf94966040, L_0x62cf94966170, C4<1>, C4<1>;
v0x62cf94956ef0_0 .net "a", 0 0, L_0x62cf94966040;  alias, 1 drivers
v0x62cf94956fd0_0 .net "b", 0 0, L_0x62cf94966170;  alias, 1 drivers
v0x62cf94957090_0 .net "carry", 0 0, L_0x62cf94965cc0;  alias, 1 drivers
v0x62cf94957160_0 .net "sum", 0 0, L_0x62cf94965c50;  alias, 1 drivers
S_0x62cf949572d0 .scope module, "ha2" "half_adder" 5 21, 5 1 0, S_0x62cf94956a10;
 .timescale 0 0;
    .port_info 0 /INPUT 1 "a";
    .port_info 1 /INPUT 1 "b";
    .port_info 2 /OUTPUT 1 "sum";
    .port_info 3 /OUTPUT 1 "carry";
L_0x62cf94965d80 .functor XOR 1, L_0x62cf94965c50, L_0x62cf949658f0, C4<0>, C4<0>;
L_0x62cf94965ed0 .functor AND 1, L_0x62cf94965c50, L_0x62cf949658f0, C4<1>, C4<1>;
v0x62cf94957540_0 .net "a", 0 0, L_0x62cf94965c50;  alias, 1 drivers
v0x62cf94957610_0 .net "b", 0 0, L_0x62cf949658f0;  alias, 1 drivers
v0x62cf949576e0_0 .net "carry", 0 0, L_0x62cf94965ed0;  alias, 1 drivers
v0x62cf949577b0_0 .net "sum", 0 0, L_0x62cf94965d80;  alias, 1 drivers
S_0x62cf94957fb0 .scope module, "fa2" "full_adder" 4 12, 5 11 0, S_0x62cf949551a0;
 .timescale 0 0;
    .port_info 0 /INPUT 1 "a";
    .port_info 1 /INPUT 1 "b";
    .port_info 2 /INPUT 1 "cin";
    .port_info 3 /OUTPUT 1 "sum";
    .port_info 4 /OUTPUT 1 "cout";
L_0x62cf949665d0 .functor OR 1, L_0x62cf949663a0, L_0x62cf94966560, C4<0>, C4<0>;
v0x62cf94958e80_0 .net "a", 0 0, L_0x62cf94966710;  1 drivers
v0x62cf94958f40_0 .net "b", 0 0, L_0x62cf94966840;  1 drivers
v0x62cf94959010_0 .net "c1", 0 0, L_0x62cf949663a0;  1 drivers
v0x62cf94959110_0 .net "c2", 0 0, L_0x62cf94966560;  1 drivers
v0x62cf949591e0_0 .net "cin", 0 0, L_0x62cf94965f40;  alias, 1 drivers
v0x62cf94959320_0 .net "cout", 0 0, L_0x62cf949665d0;  alias, 1 drivers
v0x62cf949593c0_0 .net "s1", 0 0, L_0x62cf94966330;  1 drivers
v0x62cf949594b0_0 .net "sum", 0 0, L_0x62cf94966410;  1 drivers
S_0x62cf94958210 .scope module, "ha1" "half_adder" 5 20, 5 1 0, S_0x62cf94957fb0;
 .timescale 0 0;
    .port_info 0 /INPUT 1 "a";
    .port_info 1 /INPUT 1 "b";
    .port_info 2 /OUTPUT 1 "sum";
    .port_info 3 /OUTPUT 1 "carry";
L_0x62cf94966330 .functor XOR 1, L_0x62cf94966710, L_0x62cf94966840, C4<0>, C4<0>;
L_0x62cf949663a0 .functor AND 1, L_0x62cf94966710, L_0x62cf94966840, C4<1>, C4<1>;
v0x62cf94958490_0 .net "a", 0 0, L_0x62cf94966710;  alias, 1 drivers
v0x62cf94958570_0 .net "b", 0 0, L_0x62cf94966840;  alias, 1 drivers
v0x62cf94958630_0 .net "carry", 0 0, L_0x62cf949663a0;  alias, 1 drivers
v0x62cf94958700_0 .net "sum", 0 0, L_0x62cf94966330;  alias, 1 drivers
S_0x62cf94958870 .scope module, "ha2" "half_adder" 5 21, 5 1 0, S_0x62cf94957fb0;
 .timescale 0 0;
    .port_info 0 /INPUT 1 "a";
    .port_info 1 /INPUT 1 "b";
    .port_info 2 /OUTPUT 1 "sum";
    .port_info 3 /OUTPUT 1 "carry";
L_0x62cf94966410 .functor XOR 1, L_0x62cf94966330, L_0x62cf94965f40, C4<0>, C4<0>;
L_0x62cf94966560 .functor AND 1, L_0x62cf94966330, L_0x62cf94965f40, C4<1>, C4<1>;
v0x62cf94958ae0_0 .net "a", 0 0, L_0x62cf94966330;  alias, 1 drivers
v0x62cf94958bb0_0 .net "b", 0 0, L_0x62cf94965f40;  alias, 1 drivers
v0x62cf94958c80_0 .net "carry", 0 0, L_0x62cf94966560;  alias, 1 drivers
v0x62cf94958d50_0 .net "sum", 0 0, L_0x62cf94966410;  alias, 1 drivers
S_0x62cf94959550 .scope module, "fa3" "full_adder" 4 13, 5 11 0, S_0x62cf949551a0;
 .timescale 0 0;
    .port_info 0 /INPUT 1 "a";
    .port_info 1 /INPUT 1 "b";
    .port_info 2 /INPUT 1 "cin";
    .port_info 3 /OUTPUT 1 "sum";
    .port_info 4 /OUTPUT 1 "cout";
L_0x62cf94966d10 .functor OR 1, L_0x62cf94966a60, L_0x62cf94966c80, C4<0>, C4<0>;
v0x62cf9495a410_0 .net "a", 0 0, L_0x62cf94966e50;  1 drivers
v0x62cf9495a4d0_0 .net "b", 0 0, L_0x62cf94966f80;  1 drivers
v0x62cf9495a5a0_0 .net "c1", 0 0, L_0x62cf94966a60;  1 drivers
v0x62cf9495a6a0_0 .net "c2", 0 0, L_0x62cf94966c80;  1 drivers
v0x62cf9495a770_0 .net "cin", 0 0, L_0x62cf949665d0;  alias, 1 drivers
v0x62cf9495a8b0_0 .net "cout", 0 0, L_0x62cf94966d10;  alias, 1 drivers
v0x62cf9495a950_0 .net "s1", 0 0, L_0x62cf949669b0;  1 drivers
v0x62cf9495aa40_0 .net "sum", 0 0, L_0x62cf94966af0;  1 drivers
S_0x62cf949597b0 .scope module, "ha1" "half_adder" 5 20, 5 1 0, S_0x62cf94959550;
 .timescale 0 0;
    .port_info 0 /INPUT 1 "a";
    .port_info 1 /INPUT 1 "b";
    .port_info 2 /OUTPUT 1 "sum";
    .port_info 3 /OUTPUT 1 "carry";
L_0x62cf949669b0 .functor XOR 1, L_0x62cf94966e50, L_0x62cf94966f80, C4<0>, C4<0>;
L_0x62cf94966a60 .functor AND 1, L_0x62cf94966e50, L_0x62cf94966f80, C4<1>, C4<1>;
v0x62cf94959a20_0 .net "a", 0 0, L_0x62cf94966e50;  alias, 1 drivers
v0x62cf94959b00_0 .net "b", 0 0, L_0x62cf94966f80;  alias, 1 drivers
v0x62cf94959bc0_0 .net "carry", 0 0, L_0x62cf94966a60;  alias, 1 drivers
v0x62cf94959c90_0 .net "sum", 0 0, L_0x62cf949669b0;  alias, 1 drivers
S_0x62cf94959e00 .scope module, "ha2" "half_adder" 5 21, 5 1 0, S_0x62cf94959550;
 .timescale 0 0;
    .port_info 0 /INPUT 1 "a";
    .port_info 1 /INPUT 1 "b";
    .port_info 2 /OUTPUT 1 "sum";
    .port_info 3 /OUTPUT 1 "carry";
L_0x62cf94966af0 .functor XOR 1, L_0x62cf949669b0, L_0x62cf949665d0, C4<0>, C4<0>;
L_0x62cf94966c80 .functor AND 1, L_0x62cf949669b0, L_0x62cf949665d0, C4<1>, C4<1>;
v0x62cf9495a070_0 .net "a", 0 0, L_0x62cf949669b0;  alias, 1 drivers
v0x62cf9495a140_0 .net "b", 0 0, L_0x62cf949665d0;  alias, 1 drivers
v0x62cf9495a210_0 .net "carry", 0 0, L_0x62cf94966c80;  alias, 1 drivers
v0x62cf9495a2e0_0 .net "sum", 0 0, L_0x62cf94966af0;  alias, 1 drivers
S_0x62cf9495aae0 .scope module, "fa4" "full_adder" 4 14, 5 11 0, S_0x62cf949551a0;
 .timescale 0 0;
    .port_info 0 /INPUT 1 "a";
    .port_info 1 /INPUT 1 "b";
    .port_info 2 /INPUT 1 "cin";
    .port_info 3 /OUTPUT 1 "sum";
    .port_info 4 /OUTPUT 1 "cout";
L_0x62cf94967460 .functor OR 1, L_0x62cf949671b0, L_0x62cf949673d0, C4<0>, C4<0>;
v0x62cf9495b9c0_0 .net "a", 0 0, L_0x62cf949675a0;  1 drivers
v0x62cf9495ba80_0 .net "b", 0 0, L_0x62cf949676d0;  1 drivers
v0x62cf9495bb50_0 .net "c1", 0 0, L_0x62cf949671b0;  1 drivers
v0x62cf9495bc50_0 .net "c2", 0 0, L_0x62cf949673d0;  1 drivers
v0x62cf9495bd20_0 .net "cin", 0 0, L_0x62cf94966d10;  alias, 1 drivers
v0x62cf9495be60_0 .net "cout", 0 0, L_0x62cf94967460;  alias, 1 drivers
v0x62cf9495bf00_0 .net "s1", 0 0, L_0x62cf94967100;  1 drivers
v0x62cf9495bff0_0 .net "sum", 0 0, L_0x62cf94967240;  1 drivers
S_0x62cf9495ad90 .scope module, "ha1" "half_adder" 5 20, 5 1 0, S_0x62cf9495aae0;
 .timescale 0 0;
    .port_info 0 /INPUT 1 "a";
    .port_info 1 /INPUT 1 "b";
    .port_info 2 /OUTPUT 1 "sum";
    .port_info 3 /OUTPUT 1 "carry";
L_0x62cf94967100 .functor XOR 1, L_0x62cf949675a0, L_0x62cf949676d0, C4<0>, C4<0>;
L_0x62cf949671b0 .functor AND 1, L_0x62cf949675a0, L_0x62cf949676d0, C4<1>, C4<1>;
v0x62cf9495b000_0 .net "a", 0 0, L_0x62cf949675a0;  alias, 1 drivers
v0x62cf9495b0e0_0 .net "b", 0 0, L_0x62cf949676d0;  alias, 1 drivers
v0x62cf9495b1a0_0 .net "carry", 0 0, L_0x62cf949671b0;  alias, 1 drivers
v0x62cf9495b240_0 .net "sum", 0 0, L_0x62cf94967100;  alias, 1 drivers
S_0x62cf9495b3b0 .scope module, "ha2" "half_adder" 5 21, 5 1 0, S_0x62cf9495aae0;
 .timescale 0 0;
    .port_info 0 /INPUT 1 "a";
    .port_info 1 /INPUT 1 "b";
    .port_info 2 /OUTPUT 1 "sum";
    .port_info 3 /OUTPUT 1 "carry";
L_0x62cf94967240 .functor XOR 1, L_0x62cf94967100, L_0x62cf94966d10, C4<0>, C4<0>;
L_0x62cf949673d0 .functor AND 1, L_0x62cf94967100, L_0x62cf94966d10, C4<1>, C4<1>;
v0x62cf9495b620_0 .net "a", 0 0, L_0x62cf94967100;  alias, 1 drivers
v0x62cf9495b6f0_0 .net "b", 0 0, L_0x62cf94966d10;  alias, 1 drivers
v0x62cf9495b7c0_0 .net "carry", 0 0, L_0x62cf949673d0;  alias, 1 drivers
v0x62cf9495b890_0 .net "sum", 0 0, L_0x62cf94967240;  alias, 1 drivers
S_0x62cf9495c090 .scope module, "fa5" "full_adder" 4 15, 5 11 0, S_0x62cf949551a0;
 .timescale 0 0;
    .port_info 0 /INPUT 1 "a";
    .port_info 1 /INPUT 1 "b";
    .port_info 2 /INPUT 1 "cin";
    .port_info 3 /OUTPUT 1 "sum";
    .port_info 4 /OUTPUT 1 "cout";
L_0x62cf94967b70 .functor OR 1, L_0x62cf94967910, L_0x62cf94967ae0, C4<0>, C4<0>;
v0x62cf9495cf50_0 .net "a", 0 0, L_0x62cf94967cb0;  1 drivers
v0x62cf9495d010_0 .net "b", 0 0, L_0x62cf94967de0;  1 drivers
v0x62cf9495d0e0_0 .net "c1", 0 0, L_0x62cf94967910;  1 drivers
v0x62cf9495d1e0_0 .net "c2", 0 0, L_0x62cf94967ae0;  1 drivers
v0x62cf9495d2b0_0 .net "cin", 0 0, L_0x62cf94967460;  alias, 1 drivers
v0x62cf9495d3f0_0 .net "cout", 0 0, L_0x62cf94967b70;  alias, 1 drivers
v0x62cf9495d490_0 .net "s1", 0 0, L_0x62cf94967860;  1 drivers
v0x62cf9495d580_0 .net "sum", 0 0, L_0x62cf949679a0;  1 drivers
S_0x62cf9495c2f0 .scope module, "ha1" "half_adder" 5 20, 5 1 0, S_0x62cf9495c090;
 .timescale 0 0;
    .port_info 0 /INPUT 1 "a";
    .port_info 1 /INPUT 1 "b";
    .port_info 2 /OUTPUT 1 "sum";
    .port_info 3 /OUTPUT 1 "carry";
L_0x62cf94967860 .functor XOR 1, L_0x62cf94967cb0, L_0x62cf94967de0, C4<0>, C4<0>;
L_0x62cf94967910 .functor AND 1, L_0x62cf94967cb0, L_0x62cf94967de0, C4<1>, C4<1>;
v0x62cf9495c560_0 .net "a", 0 0, L_0x62cf94967cb0;  alias, 1 drivers
v0x62cf9495c640_0 .net "b", 0 0, L_0x62cf94967de0;  alias, 1 drivers
v0x62cf9495c700_0 .net "carry", 0 0, L_0x62cf94967910;  alias, 1 drivers
v0x62cf9495c7d0_0 .net "sum", 0 0, L_0x62cf94967860;  alias, 1 drivers
S_0x62cf9495c940 .scope module, "ha2" "half_adder" 5 21, 5 1 0, S_0x62cf9495c090;
 .timescale 0 0;
    .port_info 0 /INPUT 1 "a";
    .port_info 1 /INPUT 1 "b";
    .port_info 2 /OUTPUT 1 "sum";
    .port_info 3 /OUTPUT 1 "carry";
L_0x62cf949679a0 .functor XOR 1, L_0x62cf94967860, L_0x62cf94967460, C4<0>, C4<0>;
L_0x62cf94967ae0 .functor AND 1, L_0x62cf94967860, L_0x62cf94967460, C4<1>, C4<1>;
v0x62cf9495cbb0_0 .net "a", 0 0, L_0x62cf94967860;  alias, 1 drivers
v0x62cf9495cc80_0 .net "b", 0 0, L_0x62cf94967460;  alias, 1 drivers
v0x62cf9495cd50_0 .net "carry", 0 0, L_0x62cf94967ae0;  alias, 1 drivers
v0x62cf9495ce20_0 .net "sum", 0 0, L_0x62cf949679a0;  alias, 1 drivers
S_0x62cf9495d620 .scope module, "fa6" "full_adder" 4 16, 5 11 0, S_0x62cf949551a0;
 .timescale 0 0;
    .port_info 0 /INPUT 1 "a";
    .port_info 1 /INPUT 1 "b";
    .port_info 2 /INPUT 1 "cin";
    .port_info 3 /OUTPUT 1 "sum";
    .port_info 4 /OUTPUT 1 "cout";
L_0x62cf94968250 .functor OR 1, L_0x62cf94968030, L_0x62cf949681c0, C4<0>, C4<0>;
v0x62cf9495e4e0_0 .net "a", 0 0, L_0x62cf94968390;  1 drivers
v0x62cf9495e5a0_0 .net "b", 0 0, L_0x62cf949684c0;  1 drivers
v0x62cf9495e670_0 .net "c1", 0 0, L_0x62cf94968030;  1 drivers
v0x62cf9495e770_0 .net "c2", 0 0, L_0x62cf949681c0;  1 drivers
v0x62cf9495e840_0 .net "cin", 0 0, L_0x62cf94967b70;  alias, 1 drivers
v0x62cf9495e980_0 .net "cout", 0 0, L_0x62cf94968250;  alias, 1 drivers
v0x62cf9495ea20_0 .net "s1", 0 0, L_0x62cf94967f80;  1 drivers
v0x62cf9495eb10_0 .net "sum", 0 0, L_0x62cf949680c0;  1 drivers
S_0x62cf9495d880 .scope module, "ha1" "half_adder" 5 20, 5 1 0, S_0x62cf9495d620;
 .timescale 0 0;
    .port_info 0 /INPUT 1 "a";
    .port_info 1 /INPUT 1 "b";
    .port_info 2 /OUTPUT 1 "sum";
    .port_info 3 /OUTPUT 1 "carry";
L_0x62cf94967f80 .functor XOR 1, L_0x62cf94968390, L_0x62cf949684c0, C4<0>, C4<0>;
L_0x62cf94968030 .functor AND 1, L_0x62cf94968390, L_0x62cf949684c0, C4<1>, C4<1>;
v0x62cf9495daf0_0 .net "a", 0 0, L_0x62cf94968390;  alias, 1 drivers
v0x62cf9495dbd0_0 .net "b", 0 0, L_0x62cf949684c0;  alias, 1 drivers
v0x62cf9495dc90_0 .net "carry", 0 0, L_0x62cf94968030;  alias, 1 drivers
v0x62cf9495dd60_0 .net "sum", 0 0, L_0x62cf94967f80;  alias, 1 drivers
S_0x62cf9495ded0 .scope module, "ha2" "half_adder" 5 21, 5 1 0, S_0x62cf9495d620;
 .timescale 0 0;
    .port_info 0 /INPUT 1 "a";
    .port_info 1 /INPUT 1 "b";
    .port_info 2 /OUTPUT 1 "sum";
    .port_info 3 /OUTPUT 1 "carry";
L_0x62cf949680c0 .functor XOR 1, L_0x62cf94967f80, L_0x62cf94967b70, C4<0>, C4<0>;
L_0x62cf949681c0 .functor AND 1, L_0x62cf94967f80, L_0x62cf94967b70, C4<1>, C4<1>;
v0x62cf9495e140_0 .net "a", 0 0, L_0x62cf94967f80;  alias, 1 drivers
v0x62cf9495e210_0 .net "b", 0 0, L_0x62cf94967b70;  alias, 1 drivers
v0x62cf9495e2e0_0 .net "carry", 0 0, L_0x62cf949681c0;  alias, 1 drivers
v0x62cf9495e3b0_0 .net "sum", 0 0, L_0x62cf949680c0;  alias, 1 drivers
S_0x62cf9495ebb0 .scope module, "fa7" "full_adder" 4 17, 5 11 0, S_0x62cf949551a0;
 .timescale 0 0;
    .port_info 0 /INPUT 1 "a";
    .port_info 1 /INPUT 1 "b";
    .port_info 2 /INPUT 1 "cin";
    .port_info 3 /OUTPUT 1 "sum";
    .port_info 4 /OUTPUT 1 "cout";
L_0x62cf94968960 .functor OR 1, L_0x62cf949686b0, L_0x62cf949688d0, C4<0>, C4<0>;
v0x62cf9495fa70_0 .net "a", 0 0, L_0x62cf94968aa0;  1 drivers
v0x62cf9495fb30_0 .net "b", 0 0, L_0x62cf94968bd0;  1 drivers
v0x62cf9495fc00_0 .net "c1", 0 0, L_0x62cf949686b0;  1 drivers
v0x62cf9495fd00_0 .net "c2", 0 0, L_0x62cf949688d0;  1 drivers
v0x62cf9495fdd0_0 .net "cin", 0 0, L_0x62cf94968250;  alias, 1 drivers
v0x62cf9495ff10_0 .net "cout", 0 0, L_0x62cf94968960;  alias, 1 drivers
v0x62cf9495ffb0_0 .net "s1", 0 0, L_0x62cf94967f10;  1 drivers
v0x62cf949600a0_0 .net "sum", 0 0, L_0x62cf94968740;  1 drivers
S_0x62cf9495ee10 .scope module, "ha1" "half_adder" 5 20, 5 1 0, S_0x62cf9495ebb0;
 .timescale 0 0;
    .port_info 0 /INPUT 1 "a";
    .port_info 1 /INPUT 1 "b";
    .port_info 2 /OUTPUT 1 "sum";
    .port_info 3 /OUTPUT 1 "carry";
L_0x62cf94967f10 .functor XOR 1, L_0x62cf94968aa0, L_0x62cf94968bd0, C4<0>, C4<0>;
L_0x62cf949686b0 .functor AND 1, L_0x62cf94968aa0, L_0x62cf94968bd0, C4<1>, C4<1>;
v0x62cf9495f080_0 .net "a", 0 0, L_0x62cf94968aa0;  alias, 1 drivers
v0x62cf9495f160_0 .net "b", 0 0, L_0x62cf94968bd0;  alias, 1 drivers
v0x62cf9495f220_0 .net "carry", 0 0, L_0x62cf949686b0;  alias, 1 drivers
v0x62cf9495f2f0_0 .net "sum", 0 0, L_0x62cf94967f10;  alias, 1 drivers
S_0x62cf9495f460 .scope module, "ha2" "half_adder" 5 21, 5 1 0, S_0x62cf9495ebb0;
 .timescale 0 0;
    .port_info 0 /INPUT 1 "a";
    .port_info 1 /INPUT 1 "b";
    .port_info 2 /OUTPUT 1 "sum";
    .port_info 3 /OUTPUT 1 "carry";
L_0x62cf94968740 .functor XOR 1, L_0x62cf94967f10, L_0x62cf94968250, C4<0>, C4<0>;
L_0x62cf949688d0 .functor AND 1, L_0x62cf94967f10, L_0x62cf94968250, C4<1>, C4<1>;
v0x62cf9495f6d0_0 .net "a", 0 0, L_0x62cf94967f10;  alias, 1 drivers
v0x62cf9495f7a0_0 .net "b", 0 0, L_0x62cf94968250;  alias, 1 drivers
v0x62cf9495f870_0 .net "carry", 0 0, L_0x62cf949688d0;  alias, 1 drivers
v0x62cf9495f940_0 .net "sum", 0 0, L_0x62cf94968740;  alias, 1 drivers
    .scope S_0x62cf9490c810;
T_0 ;
    %wait E_0x62cf948e96a0;
    %load/vec4 v0x62cf94961580_0;
    %dup/vec4;
    %pushi/vec4 0, 0, 3;
    %cmp/u;
    %jmp/1 T_0.0, 6;
    %dup/vec4;
    %pushi/vec4 1, 0, 3;
    %cmp/u;
    %jmp/1 T_0.1, 6;
    %dup/vec4;
    %pushi/vec4 2, 0, 3;
    %cmp/u;
    %jmp/1 T_0.2, 6;
    %dup/vec4;
    %pushi/vec4 3, 0, 3;
    %cmp/u;
    %jmp/1 T_0.3, 6;
    %dup/vec4;
    %pushi/vec4 4, 0, 3;
    %cmp/u;
    %jmp/1 T_0.4, 6;
    %dup/vec4;
    %pushi/vec4 5, 0, 3;
    %cmp/u;
    %jmp/1 T_0.5, 6;
    %dup/vec4;
    %pushi/vec4 6, 0, 3;
    %cmp/u;
    %jmp/1 T_0.6, 6;
    %dup/vec4;
    %pushi/vec4 7, 0, 3;
    %cmp/u;
    %jmp/1 T_0.7, 6;
    %pushi/vec4 0, 0, 16;
    %store/vec4 v0x62cf949614c0_0, 0, 16;
    %jmp T_0.9;
T_0.0 ;
    %load/vec4 v0x62cf94961660_0;
    %pad/u 16;
    %store/vec4 v0x62cf949614c0_0, 0, 16;
    %jmp T_0.9;
T_0.1 ;
    %load/vec4 v0x62cf949612c0_0;
    %pad/u 16;
    %store/vec4 v0x62cf949614c0_0, 0, 16;
    %jmp T_0.9;
T_0.2 ;
    %load/vec4 v0x62cf94961400_0;
    %store/vec4 v0x62cf949614c0_0, 0, 16;
    %jmp T_0.9;
T_0.3 ;
    %load/vec4 v0x62cf94960f50_0;
    %pad/u 16;
    %load/vec4 v0x62cf949610c0_0;
    %pad/u 16;
    %and;
    %store/vec4 v0x62cf949614c0_0, 0, 16;
    %jmp T_0.9;
T_0.4 ;
    %load/vec4 v0x62cf94960f50_0;
    %pad/u 16;
    %load/vec4 v0x62cf949610c0_0;
    %pad/u 16;
    %or;
    %store/vec4 v0x62cf949614c0_0, 0, 16;
    %jmp T_0.9;
T_0.5 ;
    %load/vec4 v0x62cf94960f50_0;
    %pad/u 16;
    %load/vec4 v0x62cf949610c0_0;
    %pad/u 16;
    %xor;
    %store/vec4 v0x62cf949614c0_0, 0, 16;
    %jmp T_0.9;
T_0.6 ;
    %load/vec4 v0x62cf94960f50_0;
    %pad/u 16;
    %load/vec4 v0x62cf949610c0_0;
    %pad/u 16;
    %and;
    %inv;
    %store/vec4 v0x62cf949614c0_0, 0, 16;
    %jmp T_0.9;
T_0.7 ;
    %load/vec4 v0x62cf94960f50_0;
    %pad/u 16;
    %load/vec4 v0x62cf949610c0_0;
    %pad/u 16;
    %or;
    %inv;
    %store/vec4 v0x62cf949614c0_0, 0, 16;
    %jmp T_0.9;
T_0.9 ;
    %pop/vec4 1;
    %jmp T_0;
    .thread T_0, $push;
    .scope S_0x62cf9491df60;
T_1 ;
    %pushi/vec4 25, 0, 8;
    %store/vec4 v0x62cf94961810_0, 0, 8;
    %pushi/vec4 10, 0, 8;
    %store/vec4 v0x62cf949618f0_0, 0, 8;
    %pushi/vec4 0, 0, 3;
    %store/vec4 v0x62cf94961ae0_0, 0, 3;
    %delay 10000, 0;
    %vpi_call 2 20 "$display", "ADD    : %d + %d = %d", v0x62cf94961810_0, v0x62cf949618f0_0, v0x62cf94961a40_0 {0 0 0};
    %pushi/vec4 50, 0, 8;
    %store/vec4 v0x62cf94961810_0, 0, 8;
    %pushi/vec4 15, 0, 8;
    %store/vec4 v0x62cf949618f0_0, 0, 8;
    %pushi/vec4 1, 0, 3;
    %store/vec4 v0x62cf94961ae0_0, 0, 3;
    %delay 10000, 0;
    %vpi_call 2 24 "$display", "SUB    : %d - %d = %d", v0x62cf94961810_0, v0x62cf949618f0_0, v0x62cf94961a40_0 {0 0 0};
    %pushi/vec4 3, 0, 8;
    %store/vec4 v0x62cf94961810_0, 0, 8;
    %pushi/vec4 8, 0, 8;
    %store/vec4 v0x62cf949618f0_0, 0, 8;
    %pushi/vec4 2, 0, 3;
    %store/vec4 v0x62cf94961ae0_0, 0, 3;
    %delay 10000, 0;
    %vpi_call 2 29 "$display", "2^n MUL: %d * 2^%d = %d", v0x62cf94961810_0, v0x62cf949618f0_0, v0x62cf94961a40_0 {0 0 0};
    %pushi/vec4 50, 0, 8;
    %store/vec4 v0x62cf94961810_0, 0, 8;
    %pushi/vec4 15, 0, 8;
    %store/vec4 v0x62cf949618f0_0, 0, 8;
    %pushi/vec4 3, 0, 3;
    %store/vec4 v0x62cf94961ae0_0, 0, 3;
    %delay 10000, 0;
    %vpi_call 2 33 "$display", "AND    : %d AND %d = %d", v0x62cf94961810_0, v0x62cf949618f0_0, v0x62cf94961a40_0 {0 0 0};
    %pushi/vec4 50, 0, 8;
    %store/vec4 v0x62cf94961810_0, 0, 8;
    %pushi/vec4 15, 0, 8;
    %store/vec4 v0x62cf949618f0_0, 0, 8;
    %pushi/vec4 4, 0, 3;
    %store/vec4 v0x62cf94961ae0_0, 0, 3;
    %delay 10000, 0;
    %vpi_call 2 37 "$display", "OR    : %d OR %d = %d", v0x62cf94961810_0, v0x62cf949618f0_0, v0x62cf94961a40_0 {0 0 0};
    %pushi/vec4 50, 0, 8;
    %store/vec4 v0x62cf94961810_0, 0, 8;
    %pushi/vec4 15, 0, 8;
    %store/vec4 v0x62cf949618f0_0, 0, 8;
    %pushi/vec4 5, 0, 3;
    %store/vec4 v0x62cf94961ae0_0, 0, 3;
    %delay 10000, 0;
    %vpi_call 2 41 "$display", "XOR    : %d XOR %d = %d", v0x62cf94961810_0, v0x62cf949618f0_0, v0x62cf94961a40_0 {0 0 0};
    %pushi/vec4 50, 0, 8;
    %store/vec4 v0x62cf94961810_0, 0, 8;
    %pushi/vec4 15, 0, 8;
    %store/vec4 v0x62cf949618f0_0, 0, 8;
    %pushi/vec4 6, 0, 3;
    %store/vec4 v0x62cf94961ae0_0, 0, 3;
    %delay 10000, 0;
    %vpi_call 2 45 "$display", "NAND    : %d NAND %d = %d", v0x62cf94961810_0, v0x62cf949618f0_0, v0x62cf94961a40_0 {0 0 0};
    %pushi/vec4 50, 0, 8;
    %store/vec4 v0x62cf94961810_0, 0, 8;
    %pushi/vec4 15, 0, 8;
    %store/vec4 v0x62cf949618f0_0, 0, 8;
    %pushi/vec4 7, 0, 3;
    %store/vec4 v0x62cf94961ae0_0, 0, 3;
    %delay 10000, 0;
    %vpi_call 2 49 "$display", "NOR    : %d NOR %d = %d", v0x62cf94961810_0, v0x62cf949618f0_0, v0x62cf94961a40_0 {0 0 0};
    %vpi_call 2 53 "$finish" {0 0 0};
    %end;
    .thread T_1;
# The file index is used to find the file name in the following table.
:file_names 8;
    "N/A";
    "<interactive>";
    "tb.v";
    "top.v";
    "eightbitadder.v";
    "fulladder.v";
    "multiplier.v";
    "eightbitsubtractor.v";
